 * Serving Flask app 'app'
 * Debug mode: on
[31m[1mWARNING: This is a development server. Do not use it in a production deployment. Use a production WSGI server instead.[0m
 * Running on http://127.0.0.1:3000
[33mPress CTRL+C to quit[0m
 * Restarting with stat
 * Debugger is active!
 * Debugger PIN: 942-240-621
Traceback (most recent call last):
  File "/Users/luiisjoseortega/Desktop/DOCUMENTO/ADSO SENA/PORYECYO NEOGEST /CODIGO NEOGEST/app.py", line 120, in <module>
    app.run(debug=True, port=3000)
    ~~~~~~~^^^^^^^^^^^^^^^^^^^^^^^
  File "/Users/luiisjoseortega/Library/Python/3.13/lib/python/site-packages/flask/app.py", line 662, in run
    run_simple(t.cast(str, host), port, self, **options)
    ~~~~~~~~~~^^^^^^^^^^^^^^^^^^^^^^^^^^^^^^^^^^^^^^^^^^
  File "/Users/luiisjoseortega/Library/Python/3.13/lib/python/site-packages/werkzeug/serving.py", line 1115, in run_simple
    run_with_reloader(
    ~~~~~~~~~~~~~~~~~^
        srv.serve_forever,
        ^^^^^^^^^^^^^^^^^^
    ...<3 lines>...
        reloader_type=reloader_type,
        ^^^^^^^^^^^^^^^^^^^^^^^^^^^^
    )
    ^
  File "/Users/luiisjoseortega/Library/Python/3.13/lib/python/site-packages/werkzeug/_reloader.py", line 453, in run_with_reloader
    ensure_echo_on()
    ~~~~~~~~~~~~~~^^
  File "/Users/luiisjoseortega/Library/Python/3.13/lib/python/site-packages/werkzeug/_reloader.py", line 433, in ensure_echo_on
    termios.tcsetattr(sys.stdin, termios.TCSANOW, attributes)
    ~~~~~~~~~~~~~~~~~^^^^^^^^^^^^^^^^^^^^^^^^^^^^^^^^^^^^^^^^
termios.error: (4, 'Interrupted system call')
Fatal Python error: init_sys_streams: can't initialize sys standard streams
Python runtime state: core initialized
OSError: [Errno 9] Bad file descriptor

Current thread 0x00007ff8478680c0 (most recent call first):
  <no Python frame>
